<?xml version="1.0" encoding="UTF-8"?>
<!-- Generated by org.testng.reporters.JUnitReportReporter -->
<testsuite hostname="DESKTOP-UEVLJJ1" failures="0" tests="6" name="todo.pages.test.TodoPageFunctionsTest" time="3.489" errors="0" timestamp="2024-11-30T22:49:56 IST" skipped="0">
  <testcase classname="todo.pages.test.TodoPageFunctionsTest" name="chromeOpenUrl" time="2.459"/>
  <testcase classname="todo.pages.test.TodoPageFunctionsTest" name="getPageTitle" time="0.020"/>
  <testcase classname="todo.pages.test.TodoPageFunctionsTest" name="addToDoList" time="0.323"/>
  <testcase classname="todo.pages.test.TodoPageFunctionsTest" name="editToDoListText" time="0.256"/>
  <testcase classname="todo.pages.test.TodoPageFunctionsTest" name="makeTaskComplete" time="0.278"/>
  <testcase classname="todo.pages.test.TodoPageFunctionsTest" name="closeBrowser" time="0.153"/>
</testsuite> <!-- todo.pages.test.TodoPageFunctionsTest -->
